2016/10/28 01:06:05 INFO  - jmeter.util.JMeterUtils: Setting Locale to en_US 
2016/10/28 01:06:05 INFO  - jmeter.JMeter: Loading user properties from: /Users/user/Documents/Tools/JMeter/apache-jmeter-3.0/bin/user.properties 
2016/10/28 01:06:05 INFO  - jmeter.JMeter: Loading system properties from: /Users/user/Documents/Tools/JMeter/apache-jmeter-3.0/bin/system.properties 
2016/10/28 01:06:05 INFO  - jmeter.JMeter: Copyright (c) 1998-2016 The Apache Software Foundation 
2016/10/28 01:06:05 INFO  - jmeter.JMeter: Version 3.0 r1743807 
2016/10/28 01:06:05 INFO  - jmeter.JMeter: java.version=1.8.0_91 
2016/10/28 01:06:05 INFO  - jmeter.JMeter: java.vm.name=Java HotSpot(TM) 64-Bit Server VM 
2016/10/28 01:06:05 INFO  - jmeter.JMeter: os.name=Mac OS X 
2016/10/28 01:06:05 INFO  - jmeter.JMeter: os.arch=x86_64 
2016/10/28 01:06:05 INFO  - jmeter.JMeter: os.version=10.12 
2016/10/28 01:06:05 INFO  - jmeter.JMeter: file.encoding=UTF-8 
2016/10/28 01:06:05 INFO  - jmeter.JMeter: Max memory     =1908932608 
2016/10/28 01:06:05 INFO  - jmeter.JMeter: Available Processors =4 
2016/10/28 01:06:05 INFO  - jmeter.JMeter: Default Locale=English (United States) 
2016/10/28 01:06:05 INFO  - jmeter.JMeter: JMeter  Locale=English (United States) 
2016/10/28 01:06:05 INFO  - jmeter.JMeter: JMeterHome=/Users/user/Documents/Tools/JMeter/apache-jmeter-3.0 
2016/10/28 01:06:05 INFO  - jmeter.JMeter: user.dir  =/Users/user/Documents/Tools/JMeter/apache-jmeter-3.0/bin 
2016/10/28 01:06:05 INFO  - jmeter.JMeter: PWD       =/Users/user/Documents/Tools/JMeter/apache-jmeter-3.0/bin 
2016/10/28 01:06:10 INFO  - jmeter.JMeter: IP: 192.168.1.80 Name: VN1032NBs-MacBook-Pro.local FullName: 192.168.1.80 
2016/10/28 01:06:11 INFO  - jmeter.gui.action.LookAndFeelCommand: Using look and feel: com.apple.laf.AquaLookAndFeel [Mac OS X, System] 
2016/10/28 01:06:11 INFO  - jmeter.JMeter: Loaded icon properties from org/apache/jmeter/images/icon.properties 
2016/10/28 01:06:13 INFO  - jmeter.engine.util.CompoundVariable: Note: Function class names must contain the string: '.functions.' 
2016/10/28 01:06:13 INFO  - jmeter.engine.util.CompoundVariable: Note: Function class names must not contain the string: '.gui.' 
2016/10/28 01:06:27 INFO  - org.jmeterplugins.repository.PluginManager: Plugins Status: [jpgc-functions=2.0, jpgc-dummy=0.1, jmeter-ftp=3.0, jmeter-http=3.0, jmeter-jdbc=3.0, jmeter-jms=3.0, jmeter-monitors=3.0, jmeter-core=3.0, jpgc-json=2.3, jmeter-junit=3.0, jmeter-java=3.0, jmeter-ldap=3.0, jmeter-mail=3.0, jmeter-mongodb=3.0, jmeter-native=3.0, jpgc-plugins-manager=0.10, jpgc-webdriver=1.4.0, jmeter-tcp=3.0, jmeter-components=3.0] 
2016/10/28 01:06:34 INFO  - jmeter.util.BSFTestElement: Registering JMeter version of JavaScript engine as work-round for BSF-22 
2016/10/28 01:06:34 INFO  - jmeter.protocol.http.sampler.HTTPSamplerBase: Parser for text/html is org.apache.jmeter.protocol.http.parser.LagartoBasedHtmlParser 
2016/10/28 01:06:34 INFO  - jmeter.protocol.http.sampler.HTTPSamplerBase: Parser for application/xhtml+xml is org.apache.jmeter.protocol.http.parser.LagartoBasedHtmlParser 
2016/10/28 01:06:34 INFO  - jmeter.protocol.http.sampler.HTTPSamplerBase: Parser for application/xml is org.apache.jmeter.protocol.http.parser.LagartoBasedHtmlParser 
2016/10/28 01:06:34 INFO  - jmeter.protocol.http.sampler.HTTPSamplerBase: Parser for text/xml is org.apache.jmeter.protocol.http.parser.LagartoBasedHtmlParser 
2016/10/28 01:06:34 INFO  - jmeter.protocol.http.sampler.HTTPSamplerBase: Parser for text/vnd.wap.wml is org.apache.jmeter.protocol.http.parser.RegexpHTMLParser 
2016/10/28 01:06:34 INFO  - jmeter.protocol.http.sampler.HTTPSamplerBase: Parser for text/css is org.apache.jmeter.protocol.http.parser.CssParser 
2016/10/28 01:06:35 INFO  - jorphan.exec.KeyToolUtils: keytool found at 'keytool' 
2016/10/28 01:06:35 INFO  - jmeter.protocol.http.proxy.ProxyControl: HTTP(S) Test Script Recorder SSL Proxy will use keys that support embedded 3rd party resources in file /Users/user/Documents/Tools/JMeter/apache-jmeter-3.0/bin/proxyserver.jks 
2016/10/28 01:06:35 INFO  - jmeter.gui.util.MenuFactory: Skipping org.apache.jmeter.protocol.mongodb.config.MongoSourceElement 
2016/10/28 01:06:35 INFO  - jmeter.gui.util.MenuFactory: Skipping org.apache.jmeter.protocol.mongodb.sampler.MongoScriptSampler 
2016/10/28 01:06:35 INFO  - jmeter.gui.util.MenuFactory: Skipping org.apache.jmeter.visualizers.DistributionGraphVisualizer 
2016/10/28 01:06:35 INFO  - jmeter.samplers.SampleResult: Note: Sample TimeStamps are START times 
2016/10/28 01:06:35 INFO  - jmeter.samplers.SampleResult: sampleresult.default.encoding is set to ISO-8859-1 
2016/10/28 01:06:35 INFO  - jmeter.samplers.SampleResult: sampleresult.useNanoTime=true 
2016/10/28 01:06:35 INFO  - jmeter.samplers.SampleResult: sampleresult.nanoThreadSleep=5000 
2016/10/28 01:06:35 INFO  - jmeter.gui.util.MenuFactory: Skipping org.apache.jmeter.visualizers.SplineVisualizer 
2016/10/28 01:06:51 INFO  - jmeter.services.FileServer: Default base='/Users/user/Documents/Tools/JMeter/apache-jmeter-3.0/bin' 
2016/10/28 01:06:51 INFO  - jmeter.gui.action.Load: Loading file: /Users/user/Desktop/JMeter-Referrence/test-report/TestReport.jmx 
2016/10/28 01:06:51 INFO  - jmeter.services.FileServer: Set new base='/Users/user/Desktop/JMeter-Referrence/test-report' 
2016/10/28 01:06:52 INFO  - jmeter.save.SaveService: Testplan (JMX) version: 2.2. Testlog (JTL) version: 2.2 
2016/10/28 01:06:52 INFO  - jmeter.save.SaveService: Using SaveService properties file encoding UTF-8 
2016/10/28 01:06:52 INFO  - jmeter.save.SaveService: Using SaveService properties version 2.9 
2016/10/28 01:06:52 INFO  - jmeter.save.SaveService: All converter versions present and correct 
2016/10/28 01:06:52 INFO  - jmeter.save.SaveService: Loading file: /Users/user/Desktop/JMeter-Referrence/test-report/TestReport.jmx 
2016/10/28 01:06:52 INFO  - jmeter.services.FileServer: Set new base='/Users/user/Desktop/JMeter-Referrence/test-report' 
2016/10/28 01:10:21 INFO  - jmeter.engine.StandardJMeterEngine: Running the test! 
2016/10/28 01:10:21 INFO  - jmeter.samplers.SampleEvent: List of sample_variables: [] 
2016/10/28 01:10:21 INFO  - jmeter.samplers.SampleEvent: List of sample_variables: [] 
2016/10/28 01:10:21 INFO  - jmeter.gui.util.JMeterMenuBar: setRunning(true,*local*) 
2016/10/28 01:10:21 INFO  - jmeter.engine.StandardJMeterEngine: Starting ThreadGroup: 1 : Thread Group 
2016/10/28 01:10:21 INFO  - jmeter.engine.StandardJMeterEngine: Starting 10 threads for group Thread Group. 
2016/10/28 01:10:21 INFO  - jmeter.engine.StandardJMeterEngine: Thread will continue on error 
2016/10/28 01:10:21 INFO  - jmeter.threads.ThreadGroup: Starting thread group number 1 threads 10 ramp-up 10 perThread 1000.0 delayedStart=false 
2016/10/28 01:10:21 INFO  - jmeter.threads.JMeterThread: Thread started: Thread Group 1-1 
2016/10/28 01:10:21 INFO  - jmeter.threads.ThreadGroup: Started thread group number 1 
2016/10/28 01:10:21 INFO  - jmeter.engine.StandardJMeterEngine: All thread groups have been started 
2016/10/28 01:10:21 INFO  - jmeter.protocol.http.sampler.HTTPHCAbstractImpl: Local host = VN1032NBs-MacBook-Pro.local 
2016/10/28 01:10:21 INFO  - jmeter.protocol.http.sampler.HTTPHC4Impl: HTTP request retry count = 0 
2016/10/28 01:10:22 INFO  - jmeter.threads.JMeterThread: Thread started: Thread Group 1-2 
2016/10/28 01:10:23 INFO  - jmeter.threads.JMeterThread: Thread started: Thread Group 1-3 
2016/10/28 01:10:24 INFO  - jmeter.threads.JMeterThread: Thread started: Thread Group 1-4 
2016/10/28 01:10:25 INFO  - jmeter.threads.JMeterThread: Thread started: Thread Group 1-5 
2016/10/28 01:10:26 INFO  - jmeter.threads.JMeterThread: Thread started: Thread Group 1-6 
2016/10/28 01:10:27 INFO  - jmeter.threads.JMeterThread: Thread started: Thread Group 1-7 
2016/10/28 01:10:28 INFO  - jmeter.threads.JMeterThread: Thread started: Thread Group 1-8 
2016/10/28 01:10:29 INFO  - jmeter.threads.JMeterThread: Thread started: Thread Group 1-9 
2016/10/28 01:10:30 INFO  - jmeter.threads.JMeterThread: Thread started: Thread Group 1-10 
2016/10/28 01:10:51 INFO  - jmeter.threads.JMeterThread: Stopping because end time detected by thread: Thread Group 1-2 
2016/10/28 01:10:51 INFO  - jmeter.threads.JMeterThread: Thread finished: Thread Group 1-2 
2016/10/28 01:10:51 INFO  - jmeter.threads.JMeterThread: Stopping because end time detected by thread: Thread Group 1-9 
2016/10/28 01:10:51 INFO  - jmeter.threads.JMeterThread: Thread finished: Thread Group 1-9 
2016/10/28 01:10:52 INFO  - jmeter.threads.JMeterThread: Stopping because end time detected by thread: Thread Group 1-5 
2016/10/28 01:10:52 INFO  - jmeter.threads.JMeterThread: Thread finished: Thread Group 1-5 
2016/10/28 01:10:52 INFO  - jmeter.threads.JMeterThread: Stopping because end time detected by thread: Thread Group 1-10 
2016/10/28 01:10:52 INFO  - jmeter.threads.JMeterThread: Thread finished: Thread Group 1-10 
2016/10/28 01:10:52 INFO  - jmeter.threads.JMeterThread: Stopping because end time detected by thread: Thread Group 1-4 
2016/10/28 01:10:52 INFO  - jmeter.threads.JMeterThread: Thread finished: Thread Group 1-4 
2016/10/28 01:10:52 INFO  - jmeter.threads.JMeterThread: Stopping because end time detected by thread: Thread Group 1-1 
2016/10/28 01:10:52 INFO  - jmeter.threads.JMeterThread: Thread finished: Thread Group 1-1 
2016/10/28 01:10:52 INFO  - jmeter.threads.JMeterThread: Stopping because end time detected by thread: Thread Group 1-7 
2016/10/28 01:10:52 INFO  - jmeter.threads.JMeterThread: Thread finished: Thread Group 1-7 
2016/10/28 01:10:53 INFO  - jmeter.threads.JMeterThread: Stopping because end time detected by thread: Thread Group 1-3 
2016/10/28 01:10:53 INFO  - jmeter.threads.JMeterThread: Thread finished: Thread Group 1-3 
2016/10/28 01:10:54 INFO  - jmeter.threads.JMeterThread: Stopping because end time detected by thread: Thread Group 1-8 
2016/10/28 01:10:54 INFO  - jmeter.threads.JMeterThread: Thread finished: Thread Group 1-8 
2016/10/28 01:11:15 INFO  - jmeter.threads.JMeterThread: Stopping because end time detected by thread: Thread Group 1-6 
2016/10/28 01:11:15 INFO  - jmeter.threads.JMeterThread: Thread finished: Thread Group 1-6 
2016/10/28 01:11:15 INFO  - jmeter.engine.StandardJMeterEngine: Notifying test listeners of end of test 
2016/10/28 01:11:15 INFO  - jmeter.gui.util.JMeterMenuBar: setRunning(false,*local*) 
