2017-10-15 16:39:50,853 INFO o.a.j.u.JMeterUtils: Setting Locale to en_US
2017-10-15 16:39:50,879 INFO o.a.j.JMeter: Loading user properties from: /Users/vu.trantuan/Documents/DB/Dropbox/my-work/tools/JMeter/apache-jmeter-3.3/bin/user.properties
2017-10-15 16:39:50,880 INFO o.a.j.JMeter: Loading system properties from: /Users/vu.trantuan/Documents/DB/Dropbox/my-work/tools/JMeter/apache-jmeter-3.3/bin/system.properties
2017-10-15 16:39:50,906 INFO o.a.j.JMeter: Copyright (c) 1998-2017 The Apache Software Foundation
2017-10-15 16:39:50,906 INFO o.a.j.JMeter: Version 3.3 r1808647
2017-10-15 16:39:50,906 INFO o.a.j.JMeter: java.version=1.8.0_91
2017-10-15 16:39:50,907 INFO o.a.j.JMeter: java.vm.name=Java HotSpot(TM) 64-Bit Server VM
2017-10-15 16:39:50,907 INFO o.a.j.JMeter: os.name=Mac OS X
2017-10-15 16:39:50,907 INFO o.a.j.JMeter: os.arch=x86_64
2017-10-15 16:39:50,907 INFO o.a.j.JMeter: os.version=10.12.5
2017-10-15 16:39:50,907 INFO o.a.j.JMeter: file.encoding=UTF-8
2017-10-15 16:39:50,907 INFO o.a.j.JMeter: Max memory     =1908932608
2017-10-15 16:39:50,907 INFO o.a.j.JMeter: Available Processors =4
2017-10-15 16:39:50,922 INFO o.a.j.JMeter: Default Locale=English (United States)
2017-10-15 16:39:50,922 INFO o.a.j.JMeter: JMeter  Locale=English (United States)
2017-10-15 16:39:50,922 INFO o.a.j.JMeter: JMeterHome=/Users/vu.trantuan/Documents/DB/Dropbox/my-work/tools/JMeter/apache-jmeter-3.3
2017-10-15 16:39:50,922 INFO o.a.j.JMeter: user.dir  =/Users/vu.trantuan/Documents/DB/Dropbox/my-work/tools/JMeter/training/TVN-Training/advance/session7/jmeter/projects/sample_project_a/sample_scenario_1
2017-10-15 16:39:50,922 INFO o.a.j.JMeter: PWD       =/Users/vu.trantuan/Documents/DB/Dropbox/my-work/tools/JMeter/training/TVN-Training/advance/session7/jmeter/projects/sample_project_a/sample_scenario_1
2017-10-15 16:39:50,927 INFO o.a.j.JMeter: IP: 192.168.0.114 Name: LAZ-VN-L-M-1340.local FullName: 192.168.0.114
2017-10-15 16:39:50,929 INFO o.a.j.JMeter: Setting property 'jmeter.reportgenerator.outputdir' to:'/Users/vu.trantuan/Documents/DB/Dropbox/my-work/tools/JMeter/training/TVN-Training/advance/session7/jmeter/projects/sample_project_a/sample_scenario_1/report_6'
2017-10-15 16:39:50,931 INFO o.a.j.s.FileServer: Default base='/Users/vu.trantuan/Documents/DB/Dropbox/my-work/tools/JMeter/training/TVN-Training/advance/session7/jmeter/projects/sample_project_a/sample_scenario_1'
2017-10-15 16:39:50,931 INFO o.a.j.s.FileServer: Set new base='/Users/vu.trantuan/Documents/DB/Dropbox/my-work/tools/JMeter/training/TVN-Training/advance/session7/jmeter/projects/sample_project_a/sample_scenario_1'
2017-10-15 16:39:51,372 INFO o.a.j.s.SaveService: Testplan (JMX) version: 2.2. Testlog (JTL) version: 2.2
2017-10-15 16:39:51,436 INFO o.a.j.s.SaveService: Using SaveService properties file encoding UTF-8
2017-10-15 16:39:51,445 INFO o.a.j.s.SaveService: Using SaveService properties version 3.2
2017-10-15 16:39:51,458 INFO o.a.j.s.SaveService: Loading file: jmeter.jmx
2017-10-15 16:39:51,717 INFO o.a.j.p.h.s.HTTPSamplerBase: Parser for text/html is org.apache.jmeter.protocol.http.parser.LagartoBasedHtmlParser
2017-10-15 16:39:51,717 INFO o.a.j.p.h.s.HTTPSamplerBase: Parser for application/xhtml+xml is org.apache.jmeter.protocol.http.parser.LagartoBasedHtmlParser
2017-10-15 16:39:51,718 INFO o.a.j.p.h.s.HTTPSamplerBase: Parser for application/xml is org.apache.jmeter.protocol.http.parser.LagartoBasedHtmlParser
2017-10-15 16:39:51,718 INFO o.a.j.p.h.s.HTTPSamplerBase: Parser for text/xml is org.apache.jmeter.protocol.http.parser.LagartoBasedHtmlParser
2017-10-15 16:39:51,718 INFO o.a.j.p.h.s.HTTPSamplerBase: Parser for text/vnd.wap.wml is org.apache.jmeter.protocol.http.parser.RegexpHTMLParser
2017-10-15 16:39:51,718 INFO o.a.j.p.h.s.HTTPSamplerBase: Parser for text/css is org.apache.jmeter.protocol.http.parser.CssParser
2017-10-15 16:39:51,848 INFO o.a.j.JMeter: Creating summariser <summary>
2017-10-15 16:39:51,856 INFO o.a.j.r.d.ReportGenerator: ReportGenerator will use for Parsing the separator: ','
2017-10-15 16:39:51,856 INFO o.a.j.r.d.ReportGenerator: Will generate report at end of test from  results file: jtl_6.log
2017-10-15 16:39:51,857 INFO o.a.j.r.d.ReportGenerator: Reading report generator properties from: /Users/vu.trantuan/Documents/DB/Dropbox/my-work/tools/JMeter/apache-jmeter-3.3/bin/reportgenerator.properties
2017-10-15 16:39:51,862 INFO o.a.j.r.d.ReportGenerator: Merging with JMeter properties
2017-10-15 16:39:51,873 INFO o.a.j.r.c.ReportGeneratorConfiguration: Property 'jmeter.reportgenerator.temp_dir' not found, using default value 'temp' instead.
2017-10-15 16:39:51,878 INFO o.a.j.r.c.ReportGeneratorConfiguration: Property 'jmeter.reportgenerator.apdex_per_transaction' not found, using default value 'null' instead.
2017-10-15 16:39:51,879 INFO o.a.j.r.c.ReportGeneratorConfiguration: apdex_per_transaction : {} is empty, not APDEX per transaction customization
2017-10-15 16:39:51,879 INFO o.a.j.r.c.ReportGeneratorConfiguration: Property 'jmeter.reportgenerator.start_date' not found, using default value 'null' instead.
2017-10-15 16:39:51,879 INFO o.a.j.r.c.ReportGeneratorConfiguration: Property 'jmeter.reportgenerator.end_date' not found, using default value 'null' instead.
2017-10-15 16:39:51,879 INFO o.a.j.r.c.ReportGeneratorConfiguration: Property 'jmeter.reportgenerator.date_format' not found, using default value 'null' instead.
2017-10-15 16:39:51,880 INFO o.a.j.r.c.ReportGeneratorConfiguration: Will use date range start date: null, end date: null
2017-10-15 16:39:51,904 INFO o.a.j.r.c.ReportGeneratorConfiguration: Property 'jmeter.reportgenerator.graph.activeThreadsOverTime.exclude_controllers' not found, using default value 'false' instead.
2017-10-15 16:39:51,904 INFO o.a.j.r.c.ReportGeneratorConfiguration: Property 'jmeter.reportgenerator.graph.timeVsThreads.exclude_controllers' not found, using default value 'false' instead.
2017-10-15 16:39:51,904 INFO o.a.j.r.c.ReportGeneratorConfiguration: Property 'jmeter.reportgenerator.graph.responseTimeDistribution.exclude_controllers' not found, using default value 'false' instead.
2017-10-15 16:39:51,905 INFO o.a.j.r.c.ReportGeneratorConfiguration: Property 'jmeter.reportgenerator.graph.transactionsPerSecond.exclude_controllers' not found, using default value 'false' instead.
2017-10-15 16:39:51,905 INFO o.a.j.r.c.ReportGeneratorConfiguration: Property 'jmeter.reportgenerator.graph.responseTimePercentiles.exclude_controllers' not found, using default value 'false' instead.
2017-10-15 16:39:51,905 INFO o.a.j.r.c.ReportGeneratorConfiguration: Property 'jmeter.reportgenerator.graph.responseTimePercentilesOverTime.exclude_controllers' not found, using default value 'false' instead.
2017-10-15 16:39:51,906 INFO o.a.j.r.c.ReportGeneratorConfiguration: Property 'jmeter.reportgenerator.graph.responseTimesOverTime.exclude_controllers' not found, using default value 'false' instead.
2017-10-15 16:39:51,906 INFO o.a.j.r.c.ReportGeneratorConfiguration: Property 'jmeter.reportgenerator.graph.connectTimeOverTime.exclude_controllers' not found, using default value 'false' instead.
2017-10-15 16:39:51,908 INFO o.a.j.r.c.ReportGeneratorConfiguration: Property 'jmeter.reportgenerator.graph.latenciesOverTime.exclude_controllers' not found, using default value 'false' instead.
2017-10-15 16:39:51,911 INFO o.a.j.r.c.ReportGeneratorConfiguration: Property 'jmeter.reportgenerator.exporter.html.filters_only_sample_series' not found, using default value 'true' instead.
2017-10-15 16:39:51,911 INFO o.a.j.r.c.ReportGeneratorConfiguration: Property 'jmeter.reportgenerator.exporter.html.series_filter' not found, using default value '' instead.
2017-10-15 16:39:51,911 INFO o.a.j.r.c.ReportGeneratorConfiguration: Property 'jmeter.reportgenerator.exporter.html.show_controllers_only' not found, using default value 'false' instead.
2017-10-15 16:39:51,920 INFO o.a.j.e.StandardJMeterEngine: Running the test!
2017-10-15 16:39:51,921 INFO o.a.j.s.SampleEvent: List of sample_variables: []
2017-10-15 16:39:51,921 INFO o.a.j.s.SampleEvent: List of sample_variables: []
2017-10-15 16:39:51,926 INFO o.a.j.e.u.CompoundVariable: Note: Function class names must contain the string: '.functions.'
2017-10-15 16:39:51,926 INFO o.a.j.e.u.CompoundVariable: Note: Function class names must not contain the string: '.gui.'
2017-10-15 16:39:54,352 INFO o.a.j.JMeter: Running test (1508060394352)
2017-10-15 16:39:54,355 INFO o.a.j.e.StandardJMeterEngine: Starting setUp thread groups
2017-10-15 16:39:54,355 INFO o.a.j.e.StandardJMeterEngine: Starting setUp ThreadGroup: 1 : setUp Thread Group
2017-10-15 16:39:54,355 INFO o.a.j.e.StandardJMeterEngine: Starting 1 threads for group setUp Thread Group.
2017-10-15 16:39:54,356 INFO o.a.j.e.StandardJMeterEngine: Thread will continue on error
2017-10-15 16:39:54,356 INFO o.a.j.t.ThreadGroup: Starting thread group... number=1 threads=1 ramp-up=1 perThread=1000.0 delayedStart=false
2017-10-15 16:39:54,365 INFO o.a.j.t.ThreadGroup: Started thread group number 1
2017-10-15 16:39:54,365 INFO o.a.j.e.StandardJMeterEngine: Waiting for all setup thread groups to exit
2017-10-15 16:39:54,370 INFO o.a.j.t.JMeterThread: Thread started: setUp Thread Group 1-1
2017-10-15 16:39:54,375 INFO o.a.j.s.SampleResult: Note: Sample TimeStamps are START times
2017-10-15 16:39:54,376 INFO o.a.j.s.SampleResult: sampleresult.default.encoding is set to ISO-8859-1
2017-10-15 16:39:54,376 INFO o.a.j.s.SampleResult: sampleresult.useNanoTime=true
2017-10-15 16:39:54,376 INFO o.a.j.s.SampleResult: sampleresult.nanoThreadSleep=5000
2017-10-15 16:39:56,204 INFO o.a.j.p.j.s.JSR223Sampler: test
2017-10-15 16:39:56,462 INFO o.a.j.t.JMeterThread: Thread is done: setUp Thread Group 1-1
2017-10-15 16:39:56,462 INFO o.a.j.t.JMeterThread: Thread finished: setUp Thread Group 1-1
2017-10-15 16:39:56,463 INFO o.a.j.e.StandardJMeterEngine: All Setup Threads have ended
2017-10-15 16:39:56,633 INFO o.a.j.e.StandardJMeterEngine: Starting ThreadGroup: 1 : Thread Group
2017-10-15 16:39:56,633 INFO o.a.j.e.StandardJMeterEngine: Starting 10 threads for group Thread Group.
2017-10-15 16:39:56,633 INFO o.a.j.e.StandardJMeterEngine: Thread will continue on error
2017-10-15 16:39:56,633 INFO o.a.j.t.ThreadGroup: Starting thread group... number=1 threads=10 ramp-up=1 perThread=100.0 delayedStart=false
2017-10-15 16:39:56,640 INFO o.a.j.t.JMeterThread: Thread started: Thread Group 1-1
2017-10-15 16:39:56,653 INFO o.a.j.t.ThreadGroup: Started thread group number 1
2017-10-15 16:39:56,653 INFO o.a.j.e.StandardJMeterEngine: All thread groups have been started
2017-10-15 16:39:56,735 INFO o.a.j.p.j.s.JSR223Sampler: Model: Anonymous Users 40
2017-10-15 16:39:56,763 INFO o.a.j.t.JMeterThread: Thread started: Thread Group 1-2
2017-10-15 16:39:56,769 INFO o.a.j.p.j.s.JSR223Sampler: Model: Authenticated Users 30
2017-10-15 16:39:56,770 INFO o.a.j.p.j.s.JSR223Sampler: Model: Search 20
2017-10-15 16:39:56,770 INFO o.a.j.p.j.s.JSR223Sampler: Model: Cart 10
2017-10-15 16:39:56,771 INFO o.a.j.p.j.s.JSR223Sampler: Model: Anonymous Users 40
2017-10-15 16:39:56,772 INFO o.a.j.p.j.s.JSR223Sampler: Model: Authenticated Users 30
2017-10-15 16:39:56,772 INFO o.a.j.p.j.s.JSR223Sampler: Model: Search 20
2017-10-15 16:39:56,772 INFO o.a.j.p.j.s.JSR223Sampler: Model: Cart 10
2017-10-15 16:39:56,860 INFO o.a.j.t.JMeterThread: Thread started: Thread Group 1-3
2017-10-15 16:39:56,961 INFO o.a.j.t.JMeterThread: Thread started: Thread Group 1-4
2017-10-15 16:39:56,988 INFO o.a.j.p.j.s.JSR223Sampler: Model: Anonymous Users 40
2017-10-15 16:39:56,988 INFO o.a.j.p.j.s.JSR223Sampler: Model: Anonymous Users 40
2017-10-15 16:39:56,988 INFO o.a.j.p.j.s.JSR223Sampler: Model: Authenticated Users 30
2017-10-15 16:39:56,988 INFO o.a.j.p.j.s.JSR223Sampler: Model: Authenticated Users 30
2017-10-15 16:39:56,988 INFO o.a.j.p.j.s.JSR223Sampler: Model: Search 20
2017-10-15 16:39:56,988 INFO o.a.j.p.j.s.JSR223Sampler: Model: Search 20
2017-10-15 16:39:56,988 INFO o.a.j.p.j.s.JSR223Sampler: Model: Cart 10
2017-10-15 16:39:56,988 INFO o.a.j.p.j.s.JSR223Sampler: Model: Cart 10
2017-10-15 16:39:57,061 INFO o.a.j.t.JMeterThread: Thread started: Thread Group 1-5
2017-10-15 16:39:57,165 INFO o.a.j.t.JMeterThread: Thread started: Thread Group 1-6
2017-10-15 16:39:57,261 INFO o.a.j.t.JMeterThread: Thread started: Thread Group 1-7
2017-10-15 16:39:57,264 INFO o.a.j.p.j.s.JSR223Sampler: Model: Anonymous Users 40
2017-10-15 16:39:57,264 INFO o.a.j.p.j.s.JSR223Sampler: Model: Authenticated Users 30
2017-10-15 16:39:57,265 INFO o.a.j.p.j.s.JSR223Sampler: Model: Search 20
2017-10-15 16:39:57,265 INFO o.a.j.p.j.s.JSR223Sampler: Model: Cart 10
2017-10-15 16:39:57,266 INFO o.a.j.p.j.s.JSR223Sampler: Model: Anonymous Users 40
2017-10-15 16:39:57,266 INFO o.a.j.p.j.s.JSR223Sampler: Model: Authenticated Users 30
2017-10-15 16:39:57,265 INFO o.a.j.p.j.s.JSR223Sampler: Model: Anonymous Users 40
2017-10-15 16:39:57,276 INFO o.a.j.p.j.s.JSR223Sampler: Model: Authenticated Users 30
2017-10-15 16:39:57,278 INFO o.a.j.p.j.s.JSR223Sampler: Model: Search 20
2017-10-15 16:39:57,279 INFO o.a.j.p.j.s.JSR223Sampler: Model: Cart 10
2017-10-15 16:39:57,266 INFO o.a.j.p.j.s.JSR223Sampler: Model: Search 20
2017-10-15 16:39:57,279 INFO o.a.j.p.j.s.JSR223Sampler: Model: Cart 10
2017-10-15 16:39:57,365 INFO o.a.j.t.JMeterThread: Thread started: Thread Group 1-8
2017-10-15 16:39:57,367 INFO o.a.j.p.j.s.JSR223Sampler: Model: Anonymous Users 40
2017-10-15 16:39:57,368 INFO o.a.j.p.j.s.JSR223Sampler: Model: Authenticated Users 30
2017-10-15 16:39:57,368 INFO o.a.j.p.j.s.JSR223Sampler: Model: Search 20
2017-10-15 16:39:57,369 INFO o.a.j.p.j.s.JSR223Sampler: Model: Cart 10
2017-10-15 16:39:57,401 INFO o.a.j.t.JMeterThread: Thread is done: Thread Group 1-8
2017-10-15 16:39:57,402 INFO o.a.j.t.JMeterThread: Thread finished: Thread Group 1-8
2017-10-15 16:39:57,402 INFO o.a.j.t.JMeterThread: Thread is done: Thread Group 1-4
2017-10-15 16:39:57,402 INFO o.a.j.t.JMeterThread: Thread finished: Thread Group 1-4
2017-10-15 16:39:57,464 INFO o.a.j.t.JMeterThread: Thread started: Thread Group 1-9
2017-10-15 16:39:57,501 INFO o.a.j.t.JMeterThread: Thread is done: Thread Group 1-5
2017-10-15 16:39:57,501 INFO o.a.j.t.JMeterThread: Thread finished: Thread Group 1-5
2017-10-15 16:39:57,570 INFO o.a.j.t.JMeterThread: Thread started: Thread Group 1-10
2017-10-15 16:39:57,590 INFO o.a.j.p.j.s.JSR223Sampler: Model: Anonymous Users 40
2017-10-15 16:39:57,590 INFO o.a.j.p.j.s.JSR223Sampler: Model: Anonymous Users 40
2017-10-15 16:39:57,590 INFO o.a.j.p.j.s.JSR223Sampler: Model: Authenticated Users 30
2017-10-15 16:39:57,590 INFO o.a.j.p.j.s.JSR223Sampler: Model: Authenticated Users 30
2017-10-15 16:39:57,590 INFO o.a.j.p.j.s.JSR223Sampler: Model: Search 20
2017-10-15 16:39:57,590 INFO o.a.j.p.j.s.JSR223Sampler: Model: Search 20
2017-10-15 16:39:57,590 INFO o.a.j.p.j.s.JSR223Sampler: Model: Cart 10
2017-10-15 16:39:57,590 INFO o.a.j.p.j.s.JSR223Sampler: Model: Cart 10
2017-10-15 16:39:57,597 INFO o.a.j.t.JMeterThread: Thread is done: Thread Group 1-9
2017-10-15 16:39:57,597 INFO o.a.j.t.JMeterThread: Thread finished: Thread Group 1-9
2017-10-15 16:39:57,671 INFO o.a.j.m.JSR223PreProcessor: [sport, dancing, shopping, learning, cooking, fishing]
2017-10-15 16:39:57,684 INFO o.a.j.m.JSR223PreProcessor: [music, football, shopping, dancing, cooking, learning, fishing, movies, sport, writing]
2017-10-15 16:39:57,696 INFO o.a.j.m.JSR223PreProcessor: [fishing, movies, learning, dancing, football, music, cooking, sport]
2017-10-15 16:39:57,699 INFO o.a.j.m.JSR223PreProcessor: [movies, sport, music, writing, fishing, dancing, learning, shopping, cooking, football]
2017-10-15 16:39:57,704 INFO o.a.j.m.JSR223PreProcessor: false
2017-10-15 16:39:57,704 INFO o.a.j.m.JSR223PreProcessor: [[type:Company, address:CziYjyQnxNIN7U 3ZdDqF y5qQG1tE LpR 0v7naeUp2 srW 0t6ubWPGV]]
2017-10-15 16:39:57,705 INFO o.a.j.m.JSR223PreProcessor: []
2017-10-15 16:39:57,707 INFO o.a.j.m.JSR223PreProcessor: false
2017-10-15 16:39:57,707 INFO o.a.j.m.JSR223PreProcessor: [[type:Company, address:2XQpZ0NbmHbwuc 5EXROAZvfeCCZ EV4Fbb]]
2017-10-15 16:39:57,707 INFO o.a.j.m.JSR223PreProcessor: []
2017-10-15 16:39:57,708 INFO o.a.j.m.JSR223PreProcessor: true
2017-10-15 16:39:57,708 INFO o.a.j.m.JSR223PreProcessor: [[type:Company, address:a9x5sdlh0hI 76o5Ku Uh8nUc], [type:Home, address:evT1qUzZbbQLD inXb7nJmqshc BgLP]]
2017-10-15 16:39:57,709 INFO o.a.j.m.JSR223PreProcessor: [ydjB@gmail.com, sT6Utl@gmail.com]
2017-10-15 16:39:57,714 INFO o.a.j.m.JSR223PreProcessor: [[type:Work, number:8321535953]]
2017-10-15 16:39:57,715 INFO o.a.j.m.JSR223PreProcessor: [3A0@gmail.com, yOemFNV@gmail.com]
2017-10-15 16:39:57,718 INFO o.a.j.m.JSR223PreProcessor: [cHM38W@gmail.com]
2017-10-15 16:39:57,727 INFO o.a.j.m.JSR223PreProcessor: true
2017-10-15 16:39:57,728 INFO o.a.j.m.JSR223PreProcessor: [[type:Company, address:i1MX ZySS63eCuGQL 50FuXv2NRD 1Tl DRoJzY06z EDySJdhHw4xIE 1AOPo1DJaVq iVxucK5Dd VHXYWn], [type:Home, address:Nbv5Wx nL vDTnXxUJ55jfMy lv8irE rMQxnEfW 4Ca8AIbVU1fo]]
2017-10-15 16:39:57,729 INFO o.a.j.m.JSR223PreProcessor: [[type:Home, number:8111517476]]
2017-10-15 16:39:57,729 INFO o.a.j.m.JSR223PreProcessor: []
2017-10-15 16:39:57,758 INFO o.a.j.m.JSR223PreProcessor: {
    "name": "L7za2FovaJzylV0cR7izCAUpgeEP",
    "age": 28,
    "isMarriage": false,
    "hasChild": false,
    "hobbies": [
        "music",
        "football",
        "shopping",
        "dancing",
        "cooking",
        "learning",
        "fishing",
        "movies",
        "sport",
        "writing"
    ],
    "information": {
        "hasOwnHouse": true,
        "locations": [
            {
                "type": "Company",
                "address": "i1MX ZySS63eCuGQL 50FuXv2NRD 1Tl DRoJzY06z EDySJdhHw4xIE 1AOPo1DJaVq iVxucK5Dd VHXYWn"
            },
            {
                "type": "Home",
                "address": "Nbv5Wx nL vDTnXxUJ55jfMy lv8irE rMQxnEfW 4Ca8AIbVU1fo"
            }
        ],
        "contact": {
            "phone": [
                {
                    "type": "Home",
                    "number": 8111517476
                }
            ]
        },
        "emails": [
            
        ]
    }
}
2017-10-15 16:39:57,759 INFO o.a.j.m.JSR223PreProcessor: {
    "name": "75A15NUjsnAD59",
    "age": 46,
    "isMarriage": true,
    "hasChild": true,
    "hobbies": [
        "fishing",
        "movies",
        "learning",
        "dancing",
        "football",
        "music",
        "cooking",
        "sport"
    ],
    "information": {
        "hasOwnHouse": true,
        "locations": [
            {
                "type": "Company",
                "address": "a9x5sdlh0hI 76o5Ku Uh8nUc"
            },
            {
                "type": "Home",
                "address": "evT1qUzZbbQLD inXb7nJmqshc BgLP"
            }
        ],
        "contact": {
            "phone": [
                {
                    "type": "Work",
                    "number": 8321535953
                }
            ]
        },
        "emails": [
            "cHM38W@gmail.com"
        ]
    }
}
2017-10-15 16:39:57,759 INFO o.a.j.m.JSR223PreProcessor: {
    "name": "SAM",
    "age": 47,
    "isMarriage": false,
    "hasChild": false,
    "hobbies": [
        "sport",
        "dancing",
        "shopping",
        "learning",
        "cooking",
        "fishing"
    ],
    "information": {
        "hasOwnHouse": false,
        "locations": [
            {
                "type": "Company",
                "address": "CziYjyQnxNIN7U 3ZdDqF y5qQG1tE LpR 0v7naeUp2 srW 0t6ubWPGV"
            }
        ],
        "contact": {
            "phone": [
                
            ]
        },
        "emails": [
            "ydjB@gmail.com",
            "sT6Utl@gmail.com"
        ]
    }
}
2017-10-15 16:39:57,759 INFO o.a.j.m.JSR223PreProcessor: {
    "name": "OR5dk7pyNMI",
    "age": 26,
    "isMarriage": true,
    "hasChild": false,
    "hobbies": [
        "movies",
        "sport",
        "music",
        "writing",
        "fishing",
        "dancing",
        "learning",
        "shopping",
        "cooking",
        "football"
    ],
    "information": {
        "hasOwnHouse": false,
        "locations": [
            {
                "type": "Company",
                "address": "2XQpZ0NbmHbwuc 5EXROAZvfeCCZ EV4Fbb"
            }
        ],
        "contact": {
            "phone": [
                
            ]
        },
        "emails": [
            "3A0@gmail.com",
            "yOemFNV@gmail.com"
        ]
    }
}
2017-10-15 16:39:57,815 INFO o.a.j.t.JMeterThread: Thread is done: Thread Group 1-6
2017-10-15 16:39:57,816 INFO o.a.j.t.JMeterThread: Thread finished: Thread Group 1-6
2017-10-15 16:39:57,840 INFO o.a.j.t.JMeterThread: Thread is done: Thread Group 1-3
2017-10-15 16:39:57,840 INFO o.a.j.t.JMeterThread: Thread finished: Thread Group 1-3
2017-10-15 16:39:58,201 INFO o.a.j.t.JMeterThread: Thread is done: Thread Group 1-1
2017-10-15 16:39:58,202 INFO o.a.j.t.JMeterThread: Thread finished: Thread Group 1-1
2017-10-15 16:39:58,367 INFO o.a.j.t.JMeterThread: Thread is done: Thread Group 1-10
2017-10-15 16:39:58,367 INFO o.a.j.t.JMeterThread: Thread finished: Thread Group 1-10
2017-10-15 16:39:58,703 INFO o.a.j.t.JMeterThread: Stopping because end time detected by thread: Thread Group 1-7
2017-10-15 16:39:58,703 INFO o.a.j.t.JMeterThread: Thread finished: Thread Group 1-7
2017-10-15 16:39:58,726 INFO o.a.j.t.JMeterThread: Stopping because end time detected by thread: Thread Group 1-2
2017-10-15 16:39:58,727 INFO o.a.j.t.JMeterThread: Thread is done: Thread Group 1-2
2017-10-15 16:39:58,727 INFO o.a.j.t.JMeterThread: Thread finished: Thread Group 1-2
2017-10-15 16:39:58,727 INFO o.a.j.e.StandardJMeterEngine: Starting tearDown thread groups
2017-10-15 16:39:58,728 INFO o.a.j.e.StandardJMeterEngine: Starting tearDown ThreadGroup: 1 : tearDown Thread Group
2017-10-15 16:39:58,728 INFO o.a.j.e.StandardJMeterEngine: Starting 1 threads for group tearDown Thread Group.
2017-10-15 16:39:58,728 INFO o.a.j.e.StandardJMeterEngine: Thread will continue on error
2017-10-15 16:39:58,728 INFO o.a.j.t.ThreadGroup: Starting thread group... number=1 threads=1 ramp-up=1 perThread=1000.0 delayedStart=false
2017-10-15 16:39:58,729 INFO o.a.j.t.ThreadGroup: Started thread group number 1
2017-10-15 16:39:58,730 INFO o.a.j.t.JMeterThread: Thread started: tearDown Thread Group 1-1
2017-10-15 16:39:58,761 INFO o.a.j.p.j.s.JSR223Sampler: test from tearDown
2017-10-15 16:39:58,762 INFO o.a.j.p.j.s.JSR223Sampler: sh -c 'rm /Users/vu.trantuan/Documents/DB/Dropbox/my-work/tools/JMeter/training/TVN-Training/advance/session7/jmeter/projects/sample_project_a/sample_scenario_1/data/temp/temp*.txt'
2017-10-15 16:39:58,773 INFO o.a.j.t.JMeterThread: Thread is done: tearDown Thread Group 1-1
2017-10-15 16:39:58,773 INFO o.a.j.t.JMeterThread: Thread finished: tearDown Thread Group 1-1
2017-10-15 16:39:58,773 INFO o.a.j.e.StandardJMeterEngine: Notifying test listeners of end of test
2017-10-15 16:39:58,775 INFO o.a.j.r.Summariser: summary =     53 in 00:00:04 =   12.0/s Avg:   174 Min:     0 Max:  2080 Err:     0 (0.00%)
2017-10-15 16:39:58,775 INFO o.a.j.JMeter: Generating Dashboard
2017-10-15 16:39:58,775 INFO o.a.j.r.d.ReportGenerator: Flushing result collector before report Generation
2017-10-15 16:39:58,792 INFO o.a.j.r.p.NormalizerSampleConsumer: Using format, 'ms', to parse timeStamp field
2017-10-15 16:39:59,232 INFO o.a.j.r.p.AbstractSampleConsumer: class org.apache.jmeter.report.processor.AggregateConsumer#stopProducing(): beginDate produced 0 samples
2017-10-15 16:39:59,233 INFO o.a.j.r.p.AbstractSampleConsumer: class org.apache.jmeter.report.processor.AggregateConsumer#stopProducing(): endDate produced 0 samples
2017-10-15 16:39:59,235 INFO o.a.j.r.p.AbstractSampleConsumer: class org.apache.jmeter.report.processor.ApdexSummaryConsumer#stopProducing(): apdexSummary produced 0 samples
2017-10-15 16:39:59,235 INFO o.a.j.r.p.AbstractSampleConsumer: class org.apache.jmeter.report.processor.RequestsSummaryConsumer#stopProducing(): requestsSummary produced 0 samples
2017-10-15 16:39:59,247 INFO o.a.j.r.p.AbstractSampleConsumer: class org.apache.jmeter.report.processor.StatisticsSummaryConsumer#stopProducing(): statisticsSummary produced 0 samples
2017-10-15 16:39:59,248 INFO o.a.j.r.p.AbstractSampleConsumer: class org.apache.jmeter.report.processor.Top5ErrorsBySamplerConsumer#stopProducing(): top5ErrorsBySampler produced 0 samples
2017-10-15 16:39:59,249 INFO o.a.j.r.p.AbstractSampleConsumer: class org.apache.jmeter.report.processor.ErrorsSummaryConsumer#stopProducing(): errorsSummary produced 0 samples
2017-10-15 16:39:59,249 INFO o.a.j.r.p.AbstractSampleConsumer: class org.apache.jmeter.report.processor.graph.impl.HitsPerSecondGraphConsumer#stopProducing(): hitsPerSecond produced 0 samples
2017-10-15 16:39:59,273 INFO o.a.j.r.p.AbstractSampleConsumer: class org.apache.jmeter.report.processor.graph.impl.LatencyVSRequestGraphConsumer#stopProducing(): latencyVsRequest produced 0 samples
2017-10-15 16:39:59,278 INFO o.a.j.r.p.AbstractSampleConsumer: class org.apache.jmeter.report.processor.graph.impl.SyntheticResponseTimeDistributionGraphConsumer#stopProducing(): syntheticResponseTimeDistribution produced 0 samples
2017-10-15 16:39:59,280 INFO o.a.j.r.p.AbstractSampleConsumer: class org.apache.jmeter.report.processor.graph.impl.CodesPerSecondGraphConsumer#stopProducing(): codesPerSecond produced 0 samples
2017-10-15 16:39:59,287 INFO o.a.j.r.p.AbstractSampleConsumer: class org.apache.jmeter.report.processor.graph.impl.ResponseTimeVSRequestGraphConsumer#stopProducing(): responseTimeVsRequest produced 0 samples
2017-10-15 16:39:59,287 INFO o.a.j.r.p.AbstractSampleConsumer: class org.apache.jmeter.report.processor.FilterConsumer#stopProducing(): startIntervalControlerFilter produced 66 samples
2017-10-15 16:39:59,287 INFO o.a.j.r.p.AbstractSampleConsumer: class org.apache.jmeter.report.processor.graph.impl.ActiveThreadsGraphConsumer#stopProducing(): activeThreadsOverTime produced 0 samples
2017-10-15 16:39:59,288 INFO o.a.j.r.p.AbstractSampleConsumer: class org.apache.jmeter.report.processor.graph.impl.TimeVSThreadGraphConsumer#stopProducing(): timeVsThreads produced 0 samples
2017-10-15 16:39:59,288 INFO o.a.j.r.p.AbstractSampleConsumer: class org.apache.jmeter.report.processor.graph.impl.ResponseTimeDistributionGraphConsumer#stopProducing(): responseTimeDistribution produced 0 samples
2017-10-15 16:39:59,288 INFO o.a.j.r.p.AbstractSampleConsumer: class org.apache.jmeter.report.processor.graph.impl.TransactionsPerSecondGraphConsumer#stopProducing(): transactionsPerSecond produced 0 samples
2017-10-15 16:39:59,288 INFO o.a.j.r.p.AbstractSampleConsumer: class org.apache.jmeter.report.processor.graph.impl.ResponseTimePercentilesGraphConsumer#stopProducing(): responseTimePercentiles produced 0 samples
2017-10-15 16:39:59,296 INFO o.a.j.r.p.AbstractSampleConsumer: class org.apache.jmeter.report.processor.graph.impl.ResponseTimePercentilesOverTimeGraphConsumer#stopProducing(): responseTimePercentilesOverTime produced 0 samples
2017-10-15 16:39:59,297 INFO o.a.j.r.p.AbstractSampleConsumer: class org.apache.jmeter.report.processor.graph.impl.ResponseTimeOverTimeGraphConsumer#stopProducing(): responseTimesOverTime produced 0 samples
2017-10-15 16:39:59,298 INFO o.a.j.r.p.AbstractSampleConsumer: class org.apache.jmeter.report.processor.graph.impl.ConnectTimeOverTimeGraphConsumer#stopProducing(): connectTimeOverTime produced 0 samples
2017-10-15 16:39:59,299 INFO o.a.j.r.p.AbstractSampleConsumer: class org.apache.jmeter.report.processor.graph.impl.LatencyOverTimeGraphConsumer#stopProducing(): latenciesOverTime produced 0 samples
2017-10-15 16:39:59,299 INFO o.a.j.r.p.AbstractSampleConsumer: class org.apache.jmeter.report.processor.FilterConsumer#stopProducing(): nameFilter produced 154 samples
2017-10-15 16:39:59,299 INFO o.a.j.r.p.AbstractSampleConsumer: class org.apache.jmeter.report.processor.FilterConsumer#stopProducing(): dateRangeFilter produced 159 samples
2017-10-15 16:39:59,299 INFO o.a.j.r.p.AbstractSampleConsumer: class org.apache.jmeter.report.processor.NormalizerSampleConsumer#stopProducing(): normalizer produced 53 samples
2017-10-15 16:39:59,301 INFO o.a.j.r.p.CsvFileSampleSource: produce(): 53 samples produced in 417ms on channel 0
2017-10-15 16:39:59,301 INFO o.a.j.r.d.ReportGenerator: Exporting data using exporter:'html' of className:'org.apache.jmeter.report.dashboard.HtmlTemplateExporter'
2017-10-15 16:39:59,305 INFO o.a.j.r.d.HtmlTemplateExporter: Will generate dashboard in folder: /Users/vu.trantuan/Documents/DB/Dropbox/my-work/tools/JMeter/training/TVN-Training/advance/session7/jmeter/projects/sample_project_a/sample_scenario_1/report_6
2017-10-15 16:39:59,721 INFO o.a.j.r.d.HtmlTemplateExporter: Report will be generated in: /Users/vu.trantuan/Documents/DB/Dropbox/my-work/tools/JMeter/training/TVN-Training/advance/session7/jmeter/projects/sample_project_a/sample_scenario_1/report_6, creating folder structure
2017-10-15 16:40:03,092 INFO o.a.j.JMeter: Dashboard generated
